<?xml version="1.0" encoding="UTF-8"?>
<!-- Generated by org.testng.reporters.JUnitXMLReporter -->
<testsuite ignored="0" hostname="C02SQ3REGTFL" failures="0" tests="10" name="Test" time="288.254" errors="0" timestamp="22 Apr 2021 18:23:28 GMT">
  <testcase classname="StarTribune.Test.Class.BasicTest" name="validateStarTribuneLogo" time="30.442"/>
  <testcase classname="StarTribune.Test.Class.BasicTest" name="verifyAutosMenuLink" time="39.156"/>
  <testcase classname="StarTribune.Test.Class.BasicTest" name="verifyBusinessMenuLink" time="39.581"/>
  <testcase classname="StarTribune.Test.Class.BasicTest" name="verifyClassifiedsMenuLink" time="43.571"/>
  <testcase classname="StarTribune.Test.Class.BasicTest" name="verifyHousingMenuLink" time="38.812"/>
  <testcase classname="StarTribune.Test.Class.BasicTest" name="verifyJobsMenuLink" time="33.452"/>
  <testcase classname="StarTribune.Test.Class.BasicTest" name="verifyObituariesMenuLink" time="36.441"/>
  <testcase classname="StarTribune.Test.Class.BasicTest" name="verifyOpinionMenuLink" time="42.554"/>
  <testcase classname="StarTribune.Test.Class.BasicTest" name="verifySportsMenuLink" time="37.122"/>
  <testcase classname="StarTribune.Test.Class.BasicTest" name="verifyVarietyMenuLink" time="35.121"/>
</testsuite> <!-- Test -->
